<?xml version="1.0" encoding="UTF-8"?>
<testng-results ignored="0" total="1" passed="1" failed="0" skipped="0">
  <reporter-output>
  </reporter-output>
  <suite started-at="2023-12-06T04:11:11Z" name="Default suite" finished-at="2023-12-06T04:11:18Z" duration-ms="7504">
    <groups>
    </groups>
    <test started-at="2023-12-06T04:11:11Z" name="Default test" finished-at="2023-12-06T04:11:18Z" duration-ms="7504">
      <class name="com.nopcommerce.account.GetData">
        <test-method is-config="true" signature="beforeClass()[pri:0, instance:com.nopcommerce.account.GetData@488d1cd7]" started-at="2023-12-06T04:11:11Z" name="beforeClass" finished-at="2023-12-06T04:11:15Z" duration-ms="3573" status="PASS">
          <reporter-output>
          </reporter-output>
        </test-method> <!-- beforeClass -->
        <test-method signature="Register_01_Empty_Data()[pri:0, instance:com.nopcommerce.account.GetData@488d1cd7]" started-at="2023-12-06T04:11:15Z" name="Register_01_Empty_Data" finished-at="2023-12-06T04:11:18Z" duration-ms="3010" status="PASS">
          <reporter-output>
          </reporter-output>
        </test-method> <!-- Register_01_Empty_Data -->
        <test-method is-config="true" signature="afterClass()[pri:0, instance:com.nopcommerce.account.GetData@488d1cd7]" started-at="2023-12-06T04:11:18Z" name="afterClass" finished-at="2023-12-06T04:11:18Z" duration-ms="904" status="PASS">
          <reporter-output>
          </reporter-output>
        </test-method> <!-- afterClass -->
      </class> <!-- com.nopcommerce.account.GetData -->
    </test> <!-- Default test -->
  </suite> <!-- Default suite -->
</testng-results>
