<?xml version="1.0" encoding="UTF-8"?>
<testng-results ignored="0" total="1" passed="1" failed="0" skipped="0">
  <reporter-output>
  </reporter-output>
  <suite started-at="2023-11-08T07:39:47Z" name="NopCommerce" finished-at="2023-11-08T07:39:54Z" duration-ms="6839">
    <groups>
    </groups>
    <test started-at="2023-11-08T07:39:47Z" name="Run on Firefox" finished-at="2023-11-08T07:39:54Z" duration-ms="6839">
      <class name="com.nopcommerce.account.Level_02_BasePage_Init">
        <test-method is-config="true" signature="beforeClass()[pri:0, instance:com.nopcommerce.account.Level_02_BasePage_Init@561b6512]" started-at="2023-11-08T07:39:47Z" name="beforeClass" finished-at="2023-11-08T07:39:51Z" duration-ms="3080" status="PASS">
          <reporter-output>
          </reporter-output>
        </test-method> <!-- beforeClass -->
        <test-method signature="Register_01_Empty_Data()[pri:0, instance:com.nopcommerce.account.Level_02_BasePage_Init@561b6512]" started-at="2023-11-08T07:39:51Z" name="Register_01_Empty_Data" finished-at="2023-11-08T07:39:54Z" duration-ms="3029" status="PASS">
          <reporter-output>
          </reporter-output>
        </test-method> <!-- Register_01_Empty_Data -->
        <test-method is-config="true" signature="afterClass()[pri:0, instance:com.nopcommerce.account.Level_02_BasePage_Init@561b6512]" started-at="2023-11-08T07:39:54Z" name="afterClass" finished-at="2023-11-08T07:39:54Z" duration-ms="718" status="PASS">
          <reporter-output>
          </reporter-output>
        </test-method> <!-- afterClass -->
      </class> <!-- com.nopcommerce.account.Level_02_BasePage_Init -->
    </test> <!-- Run on Firefox -->
  </suite> <!-- NopCommerce -->
</testng-results>
